<?xml version="1.0" encoding="UTF-8"?>
<testng-results skipped="0" failed="0" total="1" passed="1">
  <reporter-output>
  </reporter-output>
  <suite name="NewTest" duration-ms="40" started-at="2020-02-22T04:02:49Z" finished-at="2020-02-22T04:02:49Z">
    <groups>
    </groups>
    <test name="Command line test" duration-ms="40" started-at="2020-02-22T04:02:49Z" finished-at="2020-02-22T04:02:49Z">
      <class name="NewTest">
        <test-method status="PASS" signature="f()[pri:0, instance:NewTest@7f63425a]" name="f" duration-ms="15" started-at="2020-02-22T09:32:49Z" finished-at="2020-02-22T09:32:49Z">
          <reporter-output>
          </reporter-output>
        </test-method> <!-- f -->
      </class> <!-- NewTest -->
    </test> <!-- Command line test -->
  </suite> <!-- NewTest -->
</testng-results>
